----------

Sat Dec 18 2021 09:01:01 GMT+0800 (Singapore Standard Time)

warning: LF will be replaced by CRLF in index.html.
The file will have its original line endings in your working directory


----------

Sat Dec 18 2021 09:01:01 GMT+0800 (Singapore Standard Time)

warning: LF will be replaced by CRLF in assets/bootstrap/css/bootstrap.min.css.
The file will have its original line endings in your working directory


----------

Sat Dec 18 2021 09:01:01 GMT+0800 (Singapore Standard Time)

warning: LF will be replaced by CRLF in assets/bootstrap/js/bootstrap.min.js.
The file will have its original line endings in your working directory


----------

Sat Dec 18 2021 09:01:01 GMT+0800 (Singapore Standard Time)

warning: LF will be replaced by CRLF in assets/fonts/ionicons.min.css.
The file will have its original line endings in your working directory


----------

Sat Dec 18 2021 09:01:01 GMT+0800 (Singapore Standard Time)

warning: LF will be replaced by CRLF in assets/fonts/ionicons.svg.
The file will have its original line endings in your working directory


----------

Sat Dec 18 2021 09:01:01 GMT+0800 (Singapore Standard Time)

warning: LF will be replaced by CRLF in assets/js/theme.js.
The file will have its original line endings in your working directory


----------

Sat Dec 18 2021 09:01:01 GMT+0800 (Singapore Standard Time)

warning: LF will be replaced by CRLF in contact.html.
The file will have its original line endings in your working directory


----------

Sat Dec 18 2021 09:01:01 GMT+0800 (Singapore Standard Time)

warning: LF will be replaced by CRLF in cv.html.
The file will have its original line endings in your working directory


----------

Sat Dec 18 2021 09:01:01 GMT+0800 (Singapore Standard Time)

warning: LF will be replaced by CRLF in hire-me.html.
The file will have its original line endings in your working directory


----------

Sat Dec 18 2021 09:01:01 GMT+0800 (Singapore Standard Time)

warning: LF will be replaced by CRLF in projects-no-images.html.
The file will have its original line endings in your working directory


----------

Sat Dec 18 2021 09:01:04 GMT+0800 (Singapore Standard Time)

To https://github.com/onepersonhere/onepersonhere.github.io.git
   3a0ee6a..751a952  main -> main


----------

Sat Dec 18 2021 22:10:11 GMT+0800 (Singapore Standard Time)

warning: LF will be replaced by CRLF in assets/bootstrap/css/bootstrap.min.css.
The file will have its original line endings in your working directory


----------

Sat Dec 18 2021 22:10:11 GMT+0800 (Singapore Standard Time)

warning: LF will be replaced by CRLF in assets/bootstrap/js/bootstrap.min.js.
The file will have its original line endings in your working directory


----------

Sat Dec 18 2021 22:10:11 GMT+0800 (Singapore Standard Time)

warning: LF will be replaced by CRLF in assets/fonts/ionicons.min.css.
The file will have its original line endings in your working directory


----------

Sat Dec 18 2021 22:10:11 GMT+0800 (Singapore Standard Time)

warning: LF will be replaced by CRLF in assets/fonts/ionicons.svg.
The file will have its original line endings in your working directory


----------

Sat Dec 18 2021 22:10:11 GMT+0800 (Singapore Standard Time)

warning: LF will be replaced by CRLF in assets/js/theme.js.
The file will have its original line endings in your working directory


----------

Sat Dec 18 2021 22:10:11 GMT+0800 (Singapore Standard Time)

warning: LF will be replaced by CRLF in contact.html.
The file will have its original line endings in your working directory


----------

Sat Dec 18 2021 22:10:11 GMT+0800 (Singapore Standard Time)

warning: LF will be replaced by CRLF in cv.html.
The file will have its original line endings in your working directory


----------

Sat Dec 18 2021 22:10:11 GMT+0800 (Singapore Standard Time)

warning: LF will be replaced by CRLF in hire-me.html.
The file will have its original line endings in your working directory


----------

Sat Dec 18 2021 22:10:11 GMT+0800 (Singapore Standard Time)

warning: LF will be replaced by CRLF in index.html.
The file will have its original line endings in your working directory


----------

Sat Dec 18 2021 22:10:11 GMT+0800 (Singapore Standard Time)

warning: LF will be replaced by CRLF in projects-no-images.html.
The file will have its original line endings in your working directory


----------

Sat Dec 18 2021 22:10:11 GMT+0800 (Singapore Standard Time)

warning: LF will be replaced by CRLF in error.log.
The file will have its original line endings in your working directory


----------

Sat Dec 18 2021 22:10:13 GMT+0800 (Singapore Standard Time)

To https://github.com/onepersonhere/onepersonhere.github.io.git
   751a952..5a2530d  main -> main


